[0m2021.10.07 18:31:01 INFO  Started: Metals version 0.10.7 in workspace 'D:\VSCode\Сюда Лабы\laba WEB 1\Laboratory №1 (Site)' for client Visual Studio Code 1.60.2.[0m
[0m2021.10.07 18:31:03 INFO  time: initialize in 2.12s[0m
[0m2021.10.07 18:31:06 WARN  Build server is not auto-connectable.[0m
[0m2021.10.07 18:31:06 WARN  no build tool detected in workspace 'D:\VSCode\Сюда Лабы\laba WEB 1\Laboratory №1 (Site)'. The most common cause for this problem is that the editor was opened in the wrong working directory, for example if you use sbt then the workspace directory should contain build.sbt. [0m
[0m2021.10.07 22:42:44 INFO  shutting down Metals[0m
[0m2021.10.07 23:06:17 INFO  Started: Metals version 0.10.7 in workspace 'D:\VSCode\Сюда Лабы\laba WEB 1\Laboratory №1 (Site)' for client Visual Studio Code 1.60.2.[0m
[0m2021.10.07 23:06:19 INFO  time: initialize in 2.6s[0m
[0m2021.10.07 23:06:24 WARN  Build server is not auto-connectable.[0m
[0m2021.10.07 23:06:24 WARN  no build tool detected in workspace 'D:\VSCode\Сюда Лабы\laba WEB 1\Laboratory №1 (Site)'. The most common cause for this problem is that the editor was opened in the wrong working directory, for example if you use sbt then the workspace directory should contain build.sbt. [0m
[0m2021.10.07 23:08:04 INFO  shutting down Metals[0m
[0m2021.10.08 00:19:12 INFO  Started: Metals version 0.10.7 in workspace 'D:\VSCode\Сюда Лабы\laba WEB 1\Laboratory №1 (Site)' for client Visual Studio Code 1.61.0.[0m
[0m2021.10.08 00:19:13 INFO  time: initialize in 1.4s[0m
[0m2021.10.08 00:19:15 WARN  Build server is not auto-connectable.[0m
[0m2021.10.08 00:19:15 WARN  no build tool detected in workspace 'D:\VSCode\Сюда Лабы\laba WEB 1\Laboratory №1 (Site)'. The most common cause for this problem is that the editor was opened in the wrong working directory, for example if you use sbt then the workspace directory should contain build.sbt. [0m
[0m2021.10.08 00:21:45 INFO  shutting down Metals[0m
[0m2021.10.08 15:09:04 INFO  Started: Metals version 0.10.7 in workspace 'D:\OneDrive\OneDrive - Kharkov National University of Radioelectronics\Документы\GitHub\Igor-Sikorskuy.github.io' for client Visual Studio Code 1.61.0.[0m
[0m2021.10.08 15:09:06 INFO  time: initialize in 2.03s[0m
[0m2021.10.08 15:09:09 WARN  Build server is not auto-connectable.[0m
[0m2021.10.08 15:09:09 WARN  no build tool detected in workspace 'D:\OneDrive\OneDrive - Kharkov National University of Radioelectronics\Документы\GitHub\Igor-Sikorskuy.github.io'. The most common cause for this problem is that the editor was opened in the wrong working directory, for example if you use sbt then the workspace directory should contain build.sbt. [0m
[0m2021.10.08 17:10:51 INFO  shutting down Metals[0m
[0m2021.10.20 12:05:15 INFO  Started: Metals version 0.10.7 in workspace 'D:\OneDrive\OneDrive - Kharkov National University of Radioelectronics\Документы\GitHub\Igor-Sikorskuy.github.io' for client Visual Studio Code 1.61.0.[0m
[0m2021.10.20 12:05:16 INFO  time: initialize in 1.93s[0m
[0m2021.10.20 12:05:18 WARN  Build server is not auto-connectable.[0m
[0m2021.10.20 12:05:18 WARN  no build tool detected in workspace 'D:\OneDrive\OneDrive - Kharkov National University of Radioelectronics\Документы\GitHub\Igor-Sikorskuy.github.io'. The most common cause for this problem is that the editor was opened in the wrong working directory, for example if you use sbt then the workspace directory should contain build.sbt. [0m
окт 20, 2021 12:09:06 PM org.eclipse.lsp4j.jsonrpc.services.GenericEndpoint notify
INFO: Unsupported notification method: $/setTrace
окт 20, 2021 12:21:07 PM org.eclipse.lsp4j.jsonrpc.services.GenericEndpoint notify
INFO: Unsupported notification method: $/setTrace
[0m2021.10.21 21:01:42 INFO  Started: Metals version 0.10.7 in workspace 'D:\OneDrive\OneDrive - Kharkov National University of Radioelectronics\Документы\GitHub\Igor-Sikorskuy.github.io' for client Visual Studio Code 1.61.0.[0m
[0m2021.10.21 21:01:46 INFO  time: initialize in 3.13s[0m
[0m2021.10.21 21:01:55 WARN  Build server is not auto-connectable.[0m
[0m2021.10.21 21:01:55 WARN  no build tool detected in workspace 'D:\OneDrive\OneDrive - Kharkov National University of Radioelectronics\Документы\GitHub\Igor-Sikorskuy.github.io'. The most common cause for this problem is that the editor was opened in the wrong working directory, for example if you use sbt then the workspace directory should contain build.sbt. [0m
окт 21, 2021 9:02:08 PM org.eclipse.lsp4j.jsonrpc.services.GenericEndpoint notify
INFO: Unsupported notification method: $/setTrace
[0m2021.10.22 02:07:01 INFO  shutting down Metals[0m
[0m2021.10.22 06:19:19 INFO  Started: Metals version 0.10.7 in workspace 'D:\OneDrive\OneDrive - Kharkov National University of Radioelectronics\Документы\GitHub\Igor-Sikorskuy.github.io' for client Visual Studio Code 1.61.2.[0m
[0m2021.10.22 06:19:21 INFO  time: initialize in 1.6s[0m
[0m2021.10.22 06:19:22 WARN  Build server is not auto-connectable.[0m
[0m2021.10.22 06:19:22 WARN  no build tool detected in workspace 'D:\OneDrive\OneDrive - Kharkov National University of Radioelectronics\Документы\GitHub\Igor-Sikorskuy.github.io'. The most common cause for this problem is that the editor was opened in the wrong working directory, for example if you use sbt then the workspace directory should contain build.sbt. [0m
[0m2021.10.22 06:52:24 INFO  shutting down Metals[0m
[0m2021.10.22 06:58:46 INFO  Started: Metals version 0.10.7 in workspace 'D:\OneDrive\OneDrive - Kharkov National University of Radioelectronics\Документы\GitHub\Igor-Sikorskuy.github.io' for client Visual Studio Code 1.61.2.[0m
[0m2021.10.22 06:58:49 INFO  time: initialize in 3.6s[0m
[0m2021.10.22 06:58:56 WARN  Build server is not auto-connectable.[0m
[0m2021.10.22 06:58:56 WARN  no build tool detected in workspace 'D:\OneDrive\OneDrive - Kharkov National University of Radioelectronics\Документы\GitHub\Igor-Sikorskuy.github.io'. The most common cause for this problem is that the editor was opened in the wrong working directory, for example if you use sbt then the workspace directory should contain build.sbt. [0m
[0m2021.10.22 07:10:42 INFO  shutting down Metals[0m
[0m2021.10.22 07:28:05 INFO  Started: Metals version 0.10.7 in workspace 'D:\OneDrive\OneDrive - Kharkov National University of Radioelectronics\Документы\GitHub\Igor-Sikorskuy.github.io' for client Visual Studio Code 1.61.2.[0m
[0m2021.10.22 07:28:07 INFO  time: initialize in 1.68s[0m
[0m2021.10.22 07:28:09 WARN  Build server is not auto-connectable.[0m
[0m2021.10.22 07:28:09 WARN  no build tool detected in workspace 'D:\OneDrive\OneDrive - Kharkov National University of Radioelectronics\Документы\GitHub\Igor-Sikorskuy.github.io'. The most common cause for this problem is that the editor was opened in the wrong working directory, for example if you use sbt then the workspace directory should contain build.sbt. [0m
[0m2021.10.22 09:51:40 INFO  shutting down Metals[0m
[0m2021.10.22 09:54:17 INFO  Started: Metals version 0.10.7 in workspace 'D:\OneDrive\OneDrive - Kharkov National University of Radioelectronics\Документы\GitHub\Igor-Sikorskuy.github.io' for client Visual Studio Code 1.61.2.[0m
[0m2021.10.22 09:54:19 INFO  time: initialize in 2.37s[0m
[0m2021.10.22 09:54:21 WARN  Build server is not auto-connectable.[0m
[0m2021.10.22 09:54:21 WARN  no build tool detected in workspace 'D:\OneDrive\OneDrive - Kharkov National University of Radioelectronics\Документы\GitHub\Igor-Sikorskuy.github.io'. The most common cause for this problem is that the editor was opened in the wrong working directory, for example if you use sbt then the workspace directory should contain build.sbt. [0m
[0m2021.10.26 20:59:41 INFO  Started: Metals version 0.10.7 in workspace 'D:\OneDrive\OneDrive - Kharkov National University of Radioelectronics\Документы\GitHub\Igor-Sikorskuy.github.io' for client Visual Studio Code 1.61.2.[0m
[0m2021.10.26 20:59:43 INFO  time: initialize in 2.28s[0m
[0m2021.10.26 20:59:50 WARN  Build server is not auto-connectable.[0m
[0m2021.10.26 20:59:50 WARN  no build tool detected in workspace 'D:\OneDrive\OneDrive - Kharkov National University of Radioelectronics\Документы\GitHub\Igor-Sikorskuy.github.io'. The most common cause for this problem is that the editor was opened in the wrong working directory, for example if you use sbt then the workspace directory should contain build.sbt. [0m
[0m2021.10.26 22:53:12 INFO  shutting down Metals[0m
[0m2021.10.27 07:19:09 INFO  Started: Metals version 0.10.8 in workspace 'D:\OneDrive\OneDrive - Kharkov National University of Radioelectronics\Документы\GitHub\Igor-Sikorskuy.github.io' for client Visual Studio Code 1.61.2.[0m
[0m2021.10.27 07:19:18 INFO  time: initialize in 8.9s[0m
[0m2021.10.27 07:19:21 WARN  Build server is not auto-connectable.[0m
[0m2021.10.27 07:19:21 WARN  no build tool detected in workspace 'D:\OneDrive\OneDrive - Kharkov National University of Radioelectronics\Документы\GitHub\Igor-Sikorskuy.github.io'. The most common cause for this problem is that the editor was opened in the wrong working directory, for example if you use sbt then the workspace directory should contain build.sbt. [0m
[0m2021.10.27 10:25:04 INFO  shutting down Metals[0m
[0m2021.11.03 16:08:47 INFO  Started: Metals version 0.10.8 in workspace 'D:\OneDrive\OneDrive - Kharkov National University of Radioelectronics\Документы\GitHub\Igor-Sikorskuy.github.io' for client Visual Studio Code 1.61.2.[0m
[0m2021.11.03 16:08:55 INFO  time: initialize in 8.04s[0m
[0m2021.11.03 16:08:58 WARN  Build server is not auto-connectable.[0m
[0m2021.11.03 16:08:58 WARN  no build tool detected in workspace 'D:\OneDrive\OneDrive - Kharkov National University of Radioelectronics\Документы\GitHub\Igor-Sikorskuy.github.io'. The most common cause for this problem is that the editor was opened in the wrong working directory, for example if you use sbt then the workspace directory should contain build.sbt. [0m
[0m2021.11.03 21:45:21 INFO  shutting down Metals[0m
[0m2021.11.17 23:47:53 INFO  Started: Metals version 0.10.8 in workspace 'D:\OneDrive\OneDrive - Kharkov National University of Radioelectronics\Документы\GitHub\Igor-Sikorskuy.github.io' for client Visual Studio Code 1.61.2.[0m
[0m2021.11.17 23:48:01 INFO  time: initialize in 7.47s[0m
[0m2021.11.17 23:48:03 WARN  Build server is not auto-connectable.[0m
[0m2021.11.17 23:48:03 WARN  no build tool detected in workspace 'D:\OneDrive\OneDrive - Kharkov National University of Radioelectronics\Документы\GitHub\Igor-Sikorskuy.github.io'. The most common cause for this problem is that the editor was opened in the wrong working directory, for example if you use sbt then the workspace directory should contain build.sbt. [0m
[0m2021.11.18 00:12:47 INFO  shutting down Metals[0m
[0m2021.11.18 00:44:38 INFO  Started: Metals version 0.10.9 in workspace 'D:\OneDrive\OneDrive - Kharkov National University of Radioelectronics\Документы\GitHub\Igor-Sikorskuy.github.io' for client Visual Studio Code 1.61.2.[0m
[0m2021.11.18 00:44:47 INFO  time: initialize in 8.82s[0m
[0m2021.11.18 00:44:48 WARN  Build server is not auto-connectable.[0m
[0m2021.11.18 00:44:48 WARN  no build tool detected in workspace 'D:\OneDrive\OneDrive - Kharkov National University of Radioelectronics\Документы\GitHub\Igor-Sikorskuy.github.io'. The most common cause for this problem is that the editor was opened in the wrong working directory, for example if you use sbt then the workspace directory should contain build.sbt. [0m
[0m2021.11.18 01:44:01 INFO  shutting down Metals[0m
[0m2021.11.18 09:52:09 INFO  Started: Metals version 0.10.9 in workspace 'D:\OneDrive\OneDrive - Kharkov National University of Radioelectronics\Документы\GitHub\Igor-Sikorskuy.github.io' for client Visual Studio Code 1.62.2.[0m
[0m2021.11.18 09:52:15 INFO  time: initialize in 6.21s[0m
[0m2021.11.18 09:52:17 WARN  Build server is not auto-connectable.[0m
[0m2021.11.18 09:52:17 WARN  no build tool detected in workspace 'D:\OneDrive\OneDrive - Kharkov National University of Radioelectronics\Документы\GitHub\Igor-Sikorskuy.github.io'. The most common cause for this problem is that the editor was opened in the wrong working directory, for example if you use sbt then the workspace directory should contain build.sbt. [0m
[0m2021.11.18 11:03:37 INFO  shutting down Metals[0m
[0m2021.11.18 23:02:50 INFO  Started: Metals version 0.10.9 in workspace 'D:\OneDrive\OneDrive - Kharkov National University of Radioelectronics\Документы\GitHub\Igor-Sikorskuy.github.io' for client Visual Studio Code 1.62.2.[0m
[0m2021.11.18 23:03:03 INFO  time: initialize in 12s[0m
[0m2021.11.18 23:03:09 WARN  Build server is not auto-connectable.[0m
[0m2021.11.18 23:03:09 WARN  no build tool detected in workspace 'D:\OneDrive\OneDrive - Kharkov National University of Radioelectronics\Документы\GitHub\Igor-Sikorskuy.github.io'. The most common cause for this problem is that the editor was opened in the wrong working directory, for example if you use sbt then the workspace directory should contain build.sbt. [0m
[0m2021.11.18 23:28:13 INFO  shutting down Metals[0m
